<?xml version="1.0" encoding="UTF-8" ?>
<testsuite errors="0" failures="0" hostname="bt-macBook.local" name="rlVizLib.utilities.BitManipulationTest" tests="5" time="0.09" timestamp="2007-12-07T02:44:45">
  <properties>
    <property name="java.vendor" value="Apple Inc." />
    <property name="sun.java.launcher" value="SUN_STANDARD" />
    <property name="jikes.class.path" value=":/System/Library/Frameworks/JavaVM.framework/Home/../Classes/charsets.jar:/System/Library/Frameworks/JavaVM.framework/Home/../Classes/classes.jar:/System/Library/Frameworks/JavaVM.framework/Home/../Classes/dt.jar:/System/Library/Frameworks/JavaVM.framework/Home/../Classes/jce.jar:/System/Library/Frameworks/JavaVM.framework/Home/../Classes/jconsole.jar:/System/Library/Frameworks/JavaVM.framework/Home/../Classes/jsse.jar:/System/Library/Frameworks/JavaVM.framework/Home/../Classes/laf.jar:/System/Library/Frameworks/JavaVM.framework/Home/../Classes/ui.jar" />
    <property name="sun.management.compiler" value="HotSpot Client Compiler" />
    <property name="docs.dir" value="javadocs" />
    <property name="os.name" value="Mac OS X" />
    <property name="sun.boot.class.path" value="/System/Library/Frameworks/JavaVM.framework/Versions/1.5.0/Classes/classes.jar:/System/Library/Frameworks/JavaVM.framework/Versions/1.5.0/Classes/ui.jar:/System/Library/Frameworks/JavaVM.framework/Versions/1.5.0/Classes/laf.jar:/System/Library/Frameworks/JavaVM.framework/Versions/1.5.0/Classes/sunrsasign.jar:/System/Library/Frameworks/JavaVM.framework/Versions/1.5.0/Classes/jsse.jar:/System/Library/Frameworks/JavaVM.framework/Versions/1.5.0/Classes/jce.jar:/System/Library/Frameworks/JavaVM.framework/Versions/1.5.0/Classes/charsets.jar" />
    <property name="java.vm.specification.vendor" value="Sun Microsystems Inc." />
    <property name="ant.home" value="/usr/share/ant" />
    <property name="java.runtime.version" value="1.5.0_13-b05-237" />
    <property name="user.name" value="btanner" />
    <property name="ant.file.RLVizLib" value="/Users/btanner/Documents/Java-Projects/rl-viz/projects/rlVizLibJava/build.xml" />
    <property name="awt.nativeDoubleBuffering" value="true" />
    <property name="build.dir" value="build" />
    <property name="user.language" value="en" />
    <property name="sun.boot.library.path" value="/System/Library/Frameworks/JavaVM.framework/Versions/1.5.0/Libraries" />
    <property name="ant.project.name" value="RLVizLib" />
    <property name="java.version" value="1.5.0_13" />
    <property name="user.timezone" value="" />
    <property name="sun.arch.data.model" value="32" />
    <property name="java.endorsed.dirs" value="/System/Library/Frameworks/JavaVM.framework/Versions/1.5.0/Home/lib/endorsed" />
    <property name="sun.cpu.isalist" value="" />
    <property name="sun.jnu.encoding" value="MacRoman" />
    <property name="file.encoding.pkg" value="sun.io" />
    <property name="file.separator" value="/" />
    <property name="java.specification.name" value="Java Platform API Specification" />
    <property name="classes.dir" value="build/classes" />
    <property name="java.class.version" value="49.0" />
    <property name="user.country" value="US" />
    <property name="java.home" value="/System/Library/Frameworks/JavaVM.framework/Versions/1.5.0/Home" />
    <property name="dist.dir" value="dist" />
    <property name="java.vm.info" value="mixed mode, sharing" />
    <property name="ant.file" value="/Users/btanner/Documents/Java-Projects/rl-viz/projects/rlVizLibJava/build.xml" />
    <property name="os.version" value="10.5.1" />
    <property name="test.reports" value="reports" />
    <property name="test.raw" value="reports/raw" />
    <property name="rlglue.jar" value="libs/RL-Glue.jar" />
    <property name="path.separator" value=":" />
    <property name="java.vm.version" value="1.5.0_13-119" />
    <property name="ant.library.dir" value="/usr/share/ant/lib" />
    <property name="jar.result" value="dist/RLVizLib.jar" />
    <property name="java.awt.printerjob" value="apple.awt.CPrinterJob" />
    <property name="sun.io.unicode.encoding" value="UnicodeLittle" />
    <property name="awt.toolkit" value="apple.awt.CToolkit" />
    <property name="user.home" value="/Users/btanner" />
    <property name="java.specification.vendor" value="Sun Microsystems Inc." />
    <property name="test.dir" value="tests" />
    <property name="java.library.path" value=".:/Library/Java/Extensions:/System/Library/Java/Extensions:/usr/lib/java" />
    <property name="java.vendor.url" value="http://www.apple.com/" />
    <property name="java.vm.vendor" value="Apple Inc." />
    <property name="gopherProxySet" value="false" />
    <property name="java.runtime.name" value="Java(TM) 2 Runtime Environment, Standard Edition" />
    <property name="java.class.path" value="/Users/btanner/Documents/Java-Projects/rl-viz/projects/rlVizLibJava/dist/RLVizLib.jar:/usr/share/ant/lib/junit.jar:/usr/share/ant/lib/ant-launcher.jar:/usr/share/ant/lib/ant.jar:/usr/share/ant/lib/ant-junit.jar" />
    <property name="ant.version" value="Apache Ant version 1.7.0 compiled on September 23 2007" />
    <property name="java.vm.specification.name" value="Java Virtual Machine Specification" />
    <property name="java.vm.specification.version" value="1.0" />
    <property name="junit.jar" value="libs/junit-4.4.jar" />
    <property name="sun.cpu.endian" value="little" />
    <property name="sun.os.patch.level" value="unknown" />
    <property name="java.io.tmpdir" value="/tmp" />
    <property name="java.vendor.url.bug" value="http://bugreport.apple.com/" />
    <property name="os.arch" value="i386" />
    <property name="java.awt.graphicsenv" value="apple.awt.CGraphicsEnvironment" />
    <property name="java.ext.dirs" value="/Library/Java/Extensions:/System/Library/Java/Extensions:/System/Library/Frameworks/JavaVM.framework/Versions/1.5.0/Home/lib/ext" />
    <property name="mrj.version" value="1040.1.5.0_13-237" />
    <property name="user.dir" value="/Users/btanner/Documents/Java-Projects/rl-viz/projects/rlVizLibJava" />
    <property name="line.separator" value="
" />
    <property name="java.vm.name" value="Java HotSpot(TM) Client VM" />
    <property name="basedir" value="/Users/btanner/Documents/Java-Projects/rl-viz/projects/rlVizLibJava" />
    <property name="ant.java.version" value="1.5" />
    <property name="ant.core.lib" value="/usr/share/ant/lib/ant.jar" />
    <property name="file.encoding" value="MacRoman" />
    <property name="java.specification.version" value="1.5" />
    <property name="src.dir" value="src" />
  </properties>
  <testcase classname="rlVizLib.utilities.BitManipulationTest" name="testinputEqualsOutput" time="0.0040" />
  <testcase classname="rlVizLib.utilities.BitManipulationTest" name="testPackMultiple" time="0.0010" />
  <testcase classname="rlVizLib.utilities.BitManipulationTest" name="testOffset" time="0.0030" />
  <testcase classname="rlVizLib.utilities.BitManipulationTest" name="testAmount" time="0.0020" />
  <testcase classname="rlVizLib.utilities.BitManipulationTest" name="testAssertionFailureOnInvalidInput" time="0.0020" />
  <system-out><![CDATA[]]></system-out>
  <system-err><![CDATA[]]></system-err>
</testsuite>
